
> backend@1.0.0 dev /app/apps/backend
> npx ts-node src/index.ts

npm warn Unknown env config "verify-deps-before-run". This will stop working in the next major version of npm. See `npm help npmrc` for supported config options.
npm warn Unknown env config "npm-globalconfig". This will stop working in the next major version of npm. See `npm help npmrc` for supported config options.
npm warn Unknown env config "_jsr-registry". This will stop working in the next major version of npm. See `npm help npmrc` for supported config options.
Connected to MongoDB
Dispatch Expired Offers Polling Worker started (30s interval).
Error: listen EADDRINUSE: address already in use :::5000
    at Server.setupListenHandle [as _listen2] (node:net:1940:16)
    at listenInCluster (node:net:1997:12)
    at Server.listen (node:net:2102:7)
    at /app/apps/backend/src/indeRunning Subscription Cron...
Found 0 subscriptions due today.
Running Subscription Cron...
Found 0 subscriptions due today.
Running Subscription Cron...
Found 0 subscriptions due today.
Running Subscription Cron...
Found 0 subscriptions due today.
Running Subscription Cron...
Found 0 subscriptions due today.
Running Subscription Cron...
Found 0 subscriptions due today.
Running Subscription Cron...
Found 0 subscriptions due today.
Running Subscription Cron...
Found 0 subscriptions due today.
Running Subscription Cron...
Found 0 subscriptions due today.
Running Subscription Cron...
Found 0 subscriptions due today.
Running Subscription Cron...
Found 0 subscriptions due today.
Running Subscription Cron...
Found 0 subscriptions due today.
Running Subscription Cron...
Found 0 subscriptions due today.
Running Subscription Cron...
Found 0 subscriptions due today.
Running Subscription Cron...
Found 0 subscriptions due today.
Running Subscription Cron...
Found 0 subscriptions due today.
Running Subscription Cron...
Found 0 subscriptions due today.
Running Subscription Cron...
Found 0 subscriptions due today.
Running Subscription Cron...
Found 0 subscriptions due today.
Running Subscription Cron...
Found 0 subscriptions due today.
